[2016-02-01 19:33:14,596][DEBUG][action.search.type       ] [Vampire by Night] [gearbest_index][0], node[Fe3sBKG8QGqiENpq4-jEOg], [P], s[STARTED]: Failed to execute [org.elasticsearch.action.search.SearchRequest@7105faf8] lastShard [true]
org.elasticsearch.search.SearchParseException: [gearbest_index][0]: from[-1],size[-1]: Parse Failure [Failed to parse source [_na_]]
	at org.elasticsearch.search.SearchService.parseSource(SearchService.java:687)
	at org.elasticsearch.search.SearchService.createContext(SearchService.java:543)
	at org.elasticsearch.search.SearchService.createAndPutContext(SearchService.java:515)
	at org.elasticsearch.search.SearchService.executeQueryPhase(SearchService.java:277)
	at org.elasticsearch.search.action.SearchServiceTransportAction$5.call(SearchServiceTransportAction.java:231)
	at org.elasticsearch.search.action.SearchServiceTransportAction$5.call(SearchServiceTransportAction.java:228)
	at org.elasticsearch.search.action.SearchServiceTransportAction$23.run(SearchServiceTransportAction.java:559)
	at java.util.concurrent.ThreadPoolExecutor.runWorker(ThreadPoolExecutor.java:1142)
	at java.util.concurrent.ThreadPoolExecutor$Worker.run(ThreadPoolExecutor.java:617)
	at java.lang.Thread.run(Thread.java:745)
Caused by: org.elasticsearch.ElasticsearchParseException: Failed to derive xcontent from org.elasticsearch.common.bytes.ChannelBufferBytesReference@593d8db3
	at org.elasticsearch.common.xcontent.XContentFactory.xContent(XContentFactory.java:259)
	at org.elasticsearch.search.SearchService.parseSource(SearchService.java:657)
	... 9 more
[2016-02-01 19:33:14,599][DEBUG][action.search.type       ] [Vampire by Night] [gearbest_index][2], node[Fe3sBKG8QGqiENpq4-jEOg], [P], s[STARTED]: Failed to execute [org.elasticsearch.action.search.SearchRequest@7105faf8]
org.elasticsearch.search.SearchParseException: [gearbest_index][2]: from[-1],size[-1]: Parse Failure [Failed to parse source [_na_]]
	at org.elasticsearch.search.SearchService.parseSource(SearchService.java:687)
	at org.elasticsearch.search.SearchService.createContext(SearchService.java:543)
	at org.elasticsearch.search.SearchService.createAndPutContext(SearchService.java:515)
	at org.elasticsearch.search.SearchService.executeQueryPhase(SearchService.java:277)
	at org.elasticsearch.search.action.SearchServiceTransportAction$5.call(SearchServiceTransportAction.java:231)
	at org.elasticsearch.search.action.SearchServiceTransportAction$5.call(SearchServiceTransportAction.java:228)
	at org.elasticsearch.search.action.SearchServiceTransportAction$23.run(SearchServiceTransportAction.java:559)
	at java.util.concurrent.ThreadPoolExecutor.runWorker(ThreadPoolExecutor.java:1142)
	at java.util.concurrent.ThreadPoolExecutor$Worker.run(ThreadPoolExecutor.java:617)
	at java.lang.Thread.run(Thread.java:745)
Caused by: org.elasticsearch.ElasticsearchParseException: Failed to derive xcontent from org.elasticsearch.common.bytes.ChannelBufferBytesReference@593d8db3
	at org.elasticsearch.common.xcontent.XContentFactory.xContent(XContentFactory.java:259)
	at org.elasticsearch.search.SearchService.parseSource(SearchService.java:657)
	... 9 more
[2016-02-01 19:33:14,600][DEBUG][action.search.type       ] [Vampire by Night] All shards failed for phase: [query]
org.elasticsearch.search.SearchParseException: [gearbest_index][2]: from[-1],size[-1]: Parse Failure [Failed to parse source [_na_]]
	at org.elasticsearch.search.SearchService.parseSource(SearchService.java:687)
	at org.elasticsearch.search.SearchService.createContext(SearchService.java:543)
	at org.elasticsearch.search.SearchService.createAndPutContext(SearchService.java:515)
	at org.elasticsearch.search.SearchService.executeQueryPhase(SearchService.java:277)
	at org.elasticsearch.search.action.SearchServiceTransportAction$5.call(SearchServiceTransportAction.java:231)
	at org.elasticsearch.search.action.SearchServiceTransportAction$5.call(SearchServiceTransportAction.java:228)
	at org.elasticsearch.search.action.SearchServiceTransportAction$23.run(SearchServiceTransportAction.java:559)
	at java.util.concurrent.ThreadPoolExecutor.runWorker(ThreadPoolExecutor.java:1142)
	at java.util.concurrent.ThreadPoolExecutor$Worker.run(ThreadPoolExecutor.java:617)
	at java.lang.Thread.run(Thread.java:745)
Caused by: org.elasticsearch.ElasticsearchParseException: Failed to derive xcontent from org.elasticsearch.common.bytes.ChannelBufferBytesReference@593d8db3
	at org.elasticsearch.common.xcontent.XContentFactory.xContent(XContentFactory.java:259)
	at org.elasticsearch.search.SearchService.parseSource(SearchService.java:657)
	... 9 more
[2016-02-01 19:33:14,598][DEBUG][action.search.type       ] [Vampire by Night] [gearbest_index][1], node[Fe3sBKG8QGqiENpq4-jEOg], [P], s[STARTED]: Failed to execute [org.elasticsearch.action.search.SearchRequest@7105faf8] lastShard [true]
org.elasticsearch.search.SearchParseException: [gearbest_index][1]: from[-1],size[-1]: Parse Failure [Failed to parse source [_na_]]
	at org.elasticsearch.search.SearchService.parseSource(SearchService.java:687)
	at org.elasticsearch.search.SearchService.createContext(SearchService.java:543)
	at org.elasticsearch.search.SearchService.createAndPutContext(SearchService.java:515)
	at org.elasticsearch.search.SearchService.executeQueryPhase(SearchService.java:277)
	at org.elasticsearch.search.action.SearchServiceTransportAction$5.call(SearchServiceTransportAction.java:231)
	at org.elasticsearch.search.action.SearchServiceTransportAction$5.call(SearchServiceTransportAction.java:228)
	at org.elasticsearch.search.action.SearchServiceTransportAction$23.run(SearchServiceTransportAction.java:559)
	at java.util.concurrent.ThreadPoolExecutor.runWorker(ThreadPoolExecutor.java:1142)
	at java.util.concurrent.ThreadPoolExecutor$Worker.run(ThreadPoolExecutor.java:617)
	at java.lang.Thread.run(Thread.java:745)
Caused by: org.elasticsearch.ElasticsearchParseException: Failed to derive xcontent from org.elasticsearch.common.bytes.ChannelBufferBytesReference@593d8db3
	at org.elasticsearch.common.xcontent.XContentFactory.xContent(XContentFactory.java:259)
	at org.elasticsearch.search.SearchService.parseSource(SearchService.java:657)
	... 9 more
[2016-02-01 19:33:14,597][DEBUG][action.search.type       ] [Vampire by Night] [gearbest_index][4], node[Fe3sBKG8QGqiENpq4-jEOg], [P], s[STARTED]: Failed to execute [org.elasticsearch.action.search.SearchRequest@7105faf8] lastShard [true]
org.elasticsearch.search.SearchParseException: [gearbest_index][4]: from[-1],size[-1]: Parse Failure [Failed to parse source [_na_]]
	at org.elasticsearch.search.SearchService.parseSource(SearchService.java:687)
	at org.elasticsearch.search.SearchService.createContext(SearchService.java:543)
	at org.elasticsearch.search.SearchService.createAndPutContext(SearchService.java:515)
	at org.elasticsearch.search.SearchService.executeQueryPhase(SearchService.java:277)
	at org.elasticsearch.search.action.SearchServiceTransportAction$5.call(SearchServiceTransportAction.java:231)
	at org.elasticsearch.search.action.SearchServiceTransportAction$5.call(SearchServiceTransportAction.java:228)
	at org.elasticsearch.search.action.SearchServiceTransportAction$23.run(SearchServiceTransportAction.java:559)
	at java.util.concurrent.ThreadPoolExecutor.runWorker(ThreadPoolExecutor.java:1142)
	at java.util.concurrent.ThreadPoolExecutor$Worker.run(ThreadPoolExecutor.java:617)
	at java.lang.Thread.run(Thread.java:745)
Caused by: org.elasticsearch.ElasticsearchParseException: Failed to derive xcontent from org.elasticsearch.common.bytes.ChannelBufferBytesReference@593d8db3
	at org.elasticsearch.common.xcontent.XContentFactory.xContent(XContentFactory.java:259)
	at org.elasticsearch.search.SearchService.parseSource(SearchService.java:657)
	... 9 more
[2016-02-01 19:33:14,596][DEBUG][action.search.type       ] [Vampire by Night] [gearbest_index][3], node[Fe3sBKG8QGqiENpq4-jEOg], [P], s[STARTED]: Failed to execute [org.elasticsearch.action.search.SearchRequest@7105faf8] lastShard [true]
org.elasticsearch.search.SearchParseException: [gearbest_index][3]: from[-1],size[-1]: Parse Failure [Failed to parse source [_na_]]
	at org.elasticsearch.search.SearchService.parseSource(SearchService.java:687)
	at org.elasticsearch.search.SearchService.createContext(SearchService.java:543)
	at org.elasticsearch.search.SearchService.createAndPutContext(SearchService.java:515)
	at org.elasticsearch.search.SearchService.executeQueryPhase(SearchService.java:277)
	at org.elasticsearch.search.action.SearchServiceTransportAction$5.call(SearchServiceTransportAction.java:231)
	at org.elasticsearch.search.action.SearchServiceTransportAction$5.call(SearchServiceTransportAction.java:228)
	at org.elasticsearch.search.action.SearchServiceTransportAction$23.run(SearchServiceTransportAction.java:559)
	at java.util.concurrent.ThreadPoolExecutor.runWorker(ThreadPoolExecutor.java:1142)
	at java.util.concurrent.ThreadPoolExecutor$Worker.run(ThreadPoolExecutor.java:617)
	at java.lang.Thread.run(Thread.java:745)
Caused by: org.elasticsearch.ElasticsearchParseException: Failed to derive xcontent from org.elasticsearch.common.bytes.ChannelBufferBytesReference@593d8db3
	at org.elasticsearch.common.xcontent.XContentFactory.xContent(XContentFactory.java:259)
	at org.elasticsearch.search.SearchService.parseSource(SearchService.java:657)
	... 9 more
